{"meta": {"format": 3, "version": "7.13.2", "timestamp": "2026-01-27T00:46:12.978349", "branch_coverage": false, "show_contexts": false}, "files": {"scripts/cgm.py": {"executed_lines": [11, 12, 13, 14, 15, 16, 17, 18, 19, 21, 22, 28, 29, 38, 40, 41, 42, 43, 44, 45, 46, 47, 48, 50, 52, 55, 58, 60, 63, 64, 66, 67, 68, 69, 70, 73, 74, 75, 77, 79, 81, 82, 84, 86, 87, 88, 90, 92, 94, 96, 97, 104, 105, 106, 109, 112, 114, 115, 116, 117, 118, 119, 120, 123, 125, 126, 127, 128, 129, 132, 147, 148, 151, 152, 153, 154, 155, 156, 157, 158, 159, 160, 165, 175, 176, 177, 178, 179, 184, 185, 186, 187, 188, 189, 191, 192, 193, 194, 200, 201, 202, 203, 211, 212, 213, 214, 215, 217, 218, 219, 220, 221, 222, 227, 228, 229, 231, 234, 236, 237, 241, 242, 243, 244, 247, 249, 250, 259, 260, 263, 268, 270, 271, 272, 273, 274, 277, 278, 279, 280, 281, 282, 283, 286, 298, 301, 302, 303, 305, 306, 308, 309, 310, 312, 323, 326, 328, 329, 330, 332, 333, 335, 336, 337, 338, 340, 341, 342, 343, 344, 345, 347, 348, 350, 351, 352, 355, 356, 362, 363, 365, 366, 367, 368, 371, 372, 374, 382, 384, 385, 386, 387, 388, 389, 390, 401, 403, 404, 405, 406, 407, 416, 418, 419, 421, 422, 423, 425, 429, 431, 434, 435, 436, 440, 441, 444, 445, 448, 449, 450, 451, 452, 453, 454, 456, 458, 475, 480, 481, 482, 485, 487, 488, 489, 490, 491, 492, 494, 496, 497, 498, 499, 500, 501, 504, 506, 507, 508, 509, 511, 512, 513, 514, 515, 516, 517, 520, 521, 522, 523, 525, 526, 527, 528, 532, 534, 535, 538, 540, 541, 542, 544, 545, 546, 548, 550, 551, 553, 554, 557, 567, 570, 579, 580, 581, 582, 583, 586, 589, 592, 593, 594, 596, 601, 602, 604, 605, 606, 609, 610, 613, 614, 616, 630, 631, 633, 635, 636, 637, 641, 643, 645, 648, 649, 650, 652, 653, 655, 657, 663, 665, 667, 668, 674, 709, 725, 727, 729, 732, 733, 735, 738, 741, 744, 746, 748, 751, 754, 755, 757, 760, 763, 765, 766, 767, 768, 769, 770, 772, 773, 774, 775, 777, 778, 788, 795, 798, 803, 804, 806, 808, 809, 811, 813, 814, 815, 816, 818, 821, 827, 830, 832, 834, 835, 840, 845, 847, 848, 850, 852, 853, 856, 857, 859, 862, 863, 865, 869, 871, 873, 874, 875, 877, 878, 881, 882, 883, 884, 885, 888, 889, 890, 896, 897, 898, 899, 900, 901, 903, 904, 905, 907, 909, 911, 912, 913, 914, 919, 920, 921, 922, 923, 925, 926, 927, 928, 931, 932, 933, 934, 937, 938, 941, 943, 944, 947, 952, 955, 956, 957, 959, 963, 965, 966, 967, 969, 972, 973, 974, 975, 976, 977, 981, 989, 991, 993, 994, 995, 998, 1000, 1001, 1002, 1006, 1007, 1008, 1009, 1010, 1013, 1014, 1015, 1018, 1021, 1033, 1036, 1037, 1038, 1039, 1040, 1042, 1045, 1046, 1047, 1048, 1051, 1052, 1053, 1056, 1057, 1063, 1065, 1066, 1067, 1070, 1072, 1075, 1076, 1077, 1079, 1083, 1085, 1086, 1087, 1088, 1089, 1093, 1094, 1096, 1098, 1099, 1100, 1101, 1102, 1103, 1105, 1106, 1108, 1109, 1110, 1111, 1112, 1113, 1114, 1115, 1117, 1118, 1119, 1120, 1121, 1122, 1124, 1125, 1126, 1127, 1128, 1130, 1131, 1132, 1135, 1136, 1137, 1138, 1139, 1140, 1141, 1142, 1143, 1144, 1145, 1147, 1148, 1149, 1150, 1151, 1152, 1153, 1155, 1156, 1157, 1158, 1159, 1161, 1162, 1165, 1166, 1167, 1168, 1169, 1170, 1171, 1172, 1174, 1175, 1176, 1177, 1178, 1181, 1183, 1186, 1187, 1188, 1189, 1190, 1192, 1193, 1194, 1196, 1200, 1202, 1203, 1204, 1205, 1206, 1207, 1211, 1213, 1251, 1252, 1253, 1254, 1256, 1257, 1258, 1260, 1262, 1263, 1265, 1267, 1268, 1270, 1272, 1273, 1275, 1276, 1277, 1280, 1290, 1293, 1294, 1295, 1297, 1301, 1303, 1307, 1308, 1309, 1310, 1311, 1314, 1315, 1316, 1317, 1320, 1321, 1324, 1325, 1326, 1327, 1332, 1336, 1339, 1340, 1341, 1344, 1345, 1346, 1347, 1348, 1351, 1352, 1353, 1354, 1357, 1358, 1359, 1360, 1362, 1374, 1379, 1382, 1383, 1384, 1386, 1390, 1392, 1395, 1398, 1399, 1400, 1402, 1403, 1404, 1406, 1407, 1408, 1409, 1410, 1411, 1413, 1415, 1416, 1421, 1422, 1425, 1426, 1429, 1430, 1433, 1434, 1437, 1438, 1439, 1440, 1441, 1443, 1444, 1447, 1448, 1449, 1453, 1499, 1511, 1512, 1514, 1515, 1516, 1518, 1522, 1524, 1527, 1528, 1531, 1532, 1533, 1534, 1535, 1536, 1539, 1540, 1541, 1543, 1544, 1545, 1546, 1549, 1550, 1551, 1554, 1555, 1556, 1557, 1558, 1561, 1562, 1563, 1564, 1565, 1569, 1572, 1573, 1575, 1576, 1577, 1578, 1593, 1594, 1595, 1596, 1613, 1614, 1615, 1616, 1617, 1618, 1633, 1634, 1635, 1636, 1653, 1654, 1655, 1656, 1676, 1677, 1678, 1679, 1702, 1742, 1743, 1745, 1758, 1760, 1761, 1763, 1764, 1765, 1766, 1769, 1770, 1771, 1772, 1775, 1776, 1777, 1779, 1780, 1781, 1783, 1786, 1791, 1794, 1795, 1796, 1797, 1799, 1802, 1807, 1810, 1811, 1813, 1815, 1817, 1818, 1820, 1821, 1823, 1824, 1825, 1827, 1828, 1829, 1830, 1834, 1835, 1836, 1837, 1838, 1839, 1840, 1841, 1842, 1844, 1850, 1853, 1854, 1855, 1856, 1857, 1860, 1861, 1863, 1864, 1865, 1867, 1884, 1889, 1892, 1893, 1894, 1896, 1899, 1911, 1913, 1914, 1916, 1918, 1920, 1921, 1923, 1927, 1928, 1929, 1930, 1932, 1943, 1944, 1945, 1947, 1955, 1968, 1971, 1974, 1977, 1979, 1980, 1983, 1984, 1985, 1987, 1991, 1992, 1993, 1999, 2000, 2001, 2008, 2009, 2010, 2011, 2012, 2015, 2016, 2017, 2018, 2019, 2020, 2022, 2031, 2032, 2033, 2034, 2035, 2039, 2040, 2041, 2042, 2043, 2044, 2045, 2064, 2065, 2066, 2067, 2068, 2069, 2073, 2074, 2075, 2076, 2077, 2078, 2088, 2089, 2090, 2091, 2092, 2093, 2097, 2098, 2099, 2100, 2101, 2102, 2117, 2118, 2119, 2120, 2121, 2125, 2126, 2127, 2128, 2129, 2130, 2131, 2132, 2135, 2136, 2139, 2140, 2141, 2143, 2144, 2145, 2146, 2147, 2149, 2150, 2151, 2157, 2158, 2159, 2160, 2161, 2162, 2166, 2167, 2168, 2169, 2170, 2171, 2179, 2180, 2185, 2186, 2192, 4566, 4567, 4568, 4570, 4571, 4574, 4612, 4613, 4615, 4618, 4619, 4622, 4623, 4625, 4634, 4647, 4650, 4653, 4654, 4656, 4660, 4662, 4663, 4665, 4666, 4667, 4673, 4676, 4677, 4678, 4679, 4682, 4683, 4684, 4685, 4686, 4687, 4689, 4698, 4699, 4700, 4701, 4702, 4707, 4709, 4710, 4712, 4713, 4715, 4716, 4717, 4718, 4719, 4720, 4734, 4735, 4736, 4737, 4738, 4739, 4745, 4747, 4748, 4749, 4750, 4751, 4752, 4753, 4760, 4766, 4767, 4770, 4771, 4772, 4773, 4774, 4775, 4778, 4784, 5267, 5268, 5270, 5273, 5274, 5276, 5290, 5293, 5294, 5295, 5302, 5304, 5305, 5306, 5308, 5309, 5311, 5312, 5317, 5318, 5319, 5327, 5328, 5329, 5335, 5336, 5337, 5344, 5345, 5346, 5353, 5354, 5355, 5356, 5357, 5367, 5368, 5374, 5375, 5376, 5384, 5385, 5393, 5394, 5395, 5400, 5402, 5403, 5406, 5414, 5415, 5416, 5423, 5425, 5426, 5428, 5433, 5434, 5436, 5437, 5440, 5441, 5442, 5443, 5445, 5446, 5448, 5449, 5452, 5455, 5460, 5461, 5462, 5463, 5464, 5465, 5466, 5467, 5469, 5470, 5471, 5472, 5473, 5475, 5476, 5477, 5478, 5479, 5482, 5483, 5485, 5506, 5509, 5510, 5511, 5518, 5519, 5520, 5521, 5523, 5527, 5528, 5531, 5533, 5539, 5540, 5541, 5550, 5551, 5552, 5553, 5554, 5556, 5557, 5558, 5559, 5562, 5563, 5564, 5574, 5575, 5576, 5586, 5587, 5588, 5589, 5590, 5591, 5592, 5600, 5601, 5602, 5609, 5610, 5611, 5618, 5619, 5620, 5634, 5640, 5641, 5644, 5647, 5650, 5651, 5657, 5660, 5666, 5669, 5673, 5677, 5681, 5687, 5690, 5696, 5699, 5703, 5709, 5712, 5716, 5720, 5726, 5729, 5733, 5737, 5741, 5747, 5750, 5754, 5758, 5762, 5766, 5770, 5774, 5778, 5782, 5786, 5792, 5795, 5799, 5803, 5809, 5812, 5816, 5822, 5825, 5829, 5833, 5839, 5844, 5847, 5853, 5857, 5859, 5860, 5861, 5862, 5863, 5864, 5865, 5866, 5867, 5869, 5875, 5876, 5877, 5879, 5880, 5885, 5886, 5892, 5893, 5894, 5895, 5896, 5897, 5904, 5905, 5906, 5907, 5909, 5910, 5911, 5925, 5926, 5927, 5942, 5943, 5944, 5945, 5946, 5947, 5949, 5950, 5952, 5955], "summary": {"covered_lines": 1280, "num_statements": 1500, "percent_covered": 85.33333333333333, "percent_covered_display": "85", "missing_lines": 220, "excluded_lines": 0, "percent_statements_covered": 85.33333333333333, "percent_statements_covered_display": "85"}, "missing_lines": [23, 24, 25, 30, 31, 32, 33, 34, 35, 71, 161, 162, 180, 181, 207, 208, 223, 224, 299, 313, 314, 315, 316, 317, 318, 319, 321, 432, 530, 531, 558, 559, 560, 563, 564, 565, 587, 638, 644, 651, 666, 730, 736, 739, 749, 752, 758, 779, 780, 781, 782, 783, 784, 786, 828, 836, 837, 838, 891, 892, 893, 908, 910, 916, 939, 953, 978, 979, 982, 983, 984, 985, 986, 987, 1003, 1016, 1022, 1023, 1024, 1025, 1026, 1027, 1028, 1029, 1031, 1058, 1059, 1061, 1073, 1090, 1091, 1107, 1184, 1208, 1209, 1215, 1216, 1217, 1218, 1219, 1221, 1222, 1223, 1224, 1226, 1227, 1228, 1229, 1230, 1232, 1233, 1234, 1235, 1237, 1239, 1240, 1242, 1243, 1244, 1246, 1247, 1248, 1259, 1266, 1291, 1304, 1329, 1330, 1333, 1334, 1337, 1380, 1393, 1414, 1417, 1418, 1450, 1451, 1525, 1566, 1567, 1597, 1598, 1637, 1638, 1657, 1658, 1659, 1680, 1681, 1684, 1685, 1703, 1704, 1705, 1707, 1708, 1710, 1713, 1715, 1716, 1717, 1729, 1792, 1831, 1832, 1890, 1924, 1969, 1988, 2036, 2037, 2057, 2070, 2071, 2094, 2095, 2109, 2122, 2123, 2134, 2163, 2164, 4648, 4703, 4704, 4711, 4729, 4740, 4741, 4759, 4776, 4777, 5386, 5453, 5502, 5503, 5524, 5636, 5637, 5868, 5878, 5912, 5916, 5917, 5918, 5919, 5922, 5923, 5924, 5928, 5932, 5933, 5934, 5935, 5936, 5939, 5940, 5941, 5956], "excluded_lines": [], "functions": {"_normalize_nightscout_url": {"executed_lines": [40, 41, 42, 43, 44, 45, 46, 47, 48, 50], "summary": {"covered_lines": 10, "num_statements": 10, "percent_covered": 100.0, "percent_covered_display": "100", "missing_lines": 0, "excluded_lines": 0, "percent_statements_covered": 100.0, "percent_statements_covered_display": "100"}, "missing_lines": [], "excluded_lines": [], "start_line": 38}, "get_nightscout_settings": {"executed_lines": [63, 64, 66, 67, 68, 69, 70, 73, 74, 75, 77], "summary": {"covered_lines": 11, "num_statements": 12, "percent_covered": 91.66666666666667, "percent_covered_display": "92", "missing_lines": 1, "excluded_lines": 0, "percent_statements_covered": 91.66666666666667, "percent_statements_covered_display": "92"}, "missing_lines": [71], "excluded_lines": [], "start_line": 60}, "use_mmol": {"executed_lines": [81, 82], "summary": {"covered_lines": 2, "num_statements": 2, "percent_covered": 100.0, "percent_covered_display": "100", "missing_lines": 0, "excluded_lines": 0, "percent_statements_covered": 100.0, "percent_statements_covered_display": "100"}, "missing_lines": [], "excluded_lines": [], "start_line": 79}, "convert_glucose": {"executed_lines": [86, 87, 88], "summary": {"covered_lines": 3, "num_statements": 3, "percent_covered": 100.0, "percent_covered_display": "100", "missing_lines": 0, "excluded_lines": 0, "percent_statements_covered": 100.0, "percent_statements_covered_display": "100"}, "missing_lines": [], "excluded_lines": [], "start_line": 84}, "get_unit_label": {"executed_lines": [92], "summary": {"covered_lines": 1, "num_statements": 1, "percent_covered": 100.0, "percent_covered_display": "100", "missing_lines": 0, "excluded_lines": 0, "percent_statements_covered": 100.0, "percent_statements_covered_display": "100"}, "missing_lines": [], "excluded_lines": [], "start_line": 90}, "get_thresholds": {"executed_lines": [96, 97], "summary": {"covered_lines": 2, "num_statements": 2, "percent_covered": 100.0, "percent_covered_display": "100", "missing_lines": 0, "excluded_lines": 0, "percent_statements_covered": 100.0, "percent_statements_covered_display": "100"}, "missing_lines": [], "excluded_lines": [], "start_line": 94}, "_load_config": {"executed_lines": [114, 115, 116, 117, 118, 119, 120], "summary": {"covered_lines": 7, "num_statements": 7, "percent_covered": 100.0, "percent_covered_display": "100", "missing_lines": 0, "excluded_lines": 0, "percent_statements_covered": 100.0, "percent_statements_covered_display": "100"}, "missing_lines": [], "excluded_lines": [], "start_line": 112}, "_save_config": {"executed_lines": [125, 126, 127, 128, 129], "summary": {"covered_lines": 5, "num_statements": 5, "percent_covered": 100.0, "percent_covered_display": "100", "missing_lines": 0, "excluded_lines": 0, "percent_statements_covered": 100.0, "percent_statements_covered_display": "100"}, "missing_lines": [], "excluded_lines": [], "start_line": 123}, "detect_pump_capabilities": {"executed_lines": [147, 148, 151, 152, 153, 154, 155, 156, 157, 158, 159, 160, 165, 175, 176, 177, 178, 179, 184, 185, 186, 187, 188, 189, 191, 192, 193, 194, 200, 201, 202, 203, 211, 212, 213, 214, 215, 217, 218, 219, 220, 221, 222, 227, 228, 229, 231], "summary": {"covered_lines": 47, "num_statements": 55, "percent_covered": 85.45454545454545, "percent_covered_display": "85", "missing_lines": 8, "excluded_lines": 0, "percent_statements_covered": 85.45454545454545, "percent_statements_covered_display": "85"}, "missing_lines": [161, 162, 180, 181, 207, 208, 223, 224], "excluded_lines": [], "start_line": 132}, "has_pump_data": {"executed_lines": [236, 237], "summary": {"covered_lines": 2, "num_statements": 2, "percent_covered": 100.0, "percent_covered_display": "100", "missing_lines": 0, "excluded_lines": 0, "percent_statements_covered": 100.0, "percent_statements_covered_display": "100"}, "missing_lines": [], "excluded_lines": [], "start_line": 234}, "create_database": {"executed_lines": [249, 250, 259, 260], "summary": {"covered_lines": 4, "num_statements": 4, "percent_covered": 100.0, "percent_covered_display": "100", "missing_lines": 0, "excluded_lines": 0, "percent_statements_covered": 100.0, "percent_statements_covered_display": "100"}, "missing_lines": [], "excluded_lines": [], "start_line": 247}, "ensure_data": {"executed_lines": [268, 270, 271, 272, 273, 274, 277, 278, 279, 280, 281, 282, 283], "summary": {"covered_lines": 13, "num_statements": 13, "percent_covered": 100.0, "percent_covered_display": "100", "missing_lines": 0, "excluded_lines": 0, "percent_statements_covered": 100.0, "percent_statements_covered_display": "100"}, "missing_lines": [], "excluded_lines": [], "start_line": 263}, "ensure_fresh_data": {"executed_lines": [298, 301, 302, 303, 305, 306, 308, 309, 310, 312, 323], "summary": {"covered_lines": 11, "num_statements": 20, "percent_covered": 55.0, "percent_covered_display": "55", "missing_lines": 9, "excluded_lines": 0, "percent_statements_covered": 55.0, "percent_statements_covered_display": "55"}, "missing_lines": [299, 313, 314, 315, 316, 317, 318, 319, 321], "excluded_lines": [], "start_line": 286}, "fetch_and_store": {"executed_lines": [328, 329, 330, 332, 333, 335, 336, 337, 338, 340, 341, 342, 343, 344, 345, 347, 348, 350, 351, 352, 355, 356, 362, 363, 365, 366, 367, 368, 371, 372, 374], "summary": {"covered_lines": 31, "num_statements": 31, "percent_covered": 100.0, "percent_covered_display": "100", "missing_lines": 0, "excluded_lines": 0, "percent_statements_covered": 100.0, "percent_statements_covered_display": "100"}, "missing_lines": [], "excluded_lines": [], "start_line": 326}, "get_stats": {"executed_lines": [384, 385, 386, 387, 388, 389, 390], "summary": {"covered_lines": 7, "num_statements": 7, "percent_covered": 100.0, "percent_covered_display": "100", "missing_lines": 0, "excluded_lines": 0, "percent_statements_covered": 100.0, "percent_statements_covered_display": "100"}, "missing_lines": [], "excluded_lines": [], "start_line": 382}, "get_time_in_range": {"executed_lines": [403, 404, 405, 406, 407], "summary": {"covered_lines": 5, "num_statements": 5, "percent_covered": 100.0, "percent_covered_display": "100", "missing_lines": 0, "excluded_lines": 0, "percent_statements_covered": 100.0, "percent_statements_covered_display": "100"}, "missing_lines": [], "excluded_lines": [], "start_line": 401}, "analyze_cgm": {"executed_lines": [418, 419, 421, 422, 423, 425, 429, 431, 434, 435, 436, 440, 441, 444, 445, 448, 449, 450, 451, 452, 453, 454, 456, 458], "summary": {"covered_lines": 24, "num_statements": 25, "percent_covered": 96.0, "percent_covered_display": "96", "missing_lines": 1, "excluded_lines": 0, "percent_statements_covered": 96.0, "percent_statements_covered_display": "96"}, "missing_lines": [432], "excluded_lines": [], "start_line": 416}, "parse_period": {"executed_lines": [480, 481, 482, 485, 487, 488, 489, 490, 491, 492, 494, 496, 497, 498, 499, 500, 501, 504, 506, 507, 508, 509, 511, 512, 513, 514, 515, 516, 517, 520, 521, 522, 523, 525, 526, 527, 528, 532, 534, 535, 538, 540, 541, 542, 544, 545, 546, 548, 550, 551, 553, 554, 557, 567], "summary": {"covered_lines": 54, "num_statements": 62, "percent_covered": 87.09677419354838, "percent_covered_display": "87", "missing_lines": 8, "excluded_lines": 0, "percent_statements_covered": 87.09677419354838, "percent_statements_covered_display": "87"}, "missing_lines": [530, 531, 558, 559, 560, 563, 564, 565], "excluded_lines": [], "start_line": 475}, "compare_periods": {"executed_lines": [579, 580, 581, 582, 583, 586, 589, 592, 630, 631, 633, 635, 636, 637, 641, 663, 674, 709], "summary": {"covered_lines": 18, "num_statements": 20, "percent_covered": 90.0, "percent_covered_display": "90", "missing_lines": 2, "excluded_lines": 0, "percent_statements_covered": 90.0, "percent_statements_covered_display": "90"}, "missing_lines": [587, 638], "excluded_lines": [], "start_line": 570}, "compare_periods.get_period_data": {"executed_lines": [593, 594, 596, 601, 602, 604, 605, 606, 609, 610, 613, 614, 616], "summary": {"covered_lines": 13, "num_statements": 13, "percent_covered": 100.0, "percent_covered_display": "100", "missing_lines": 0, "excluded_lines": 0, "percent_statements_covered": 100.0, "percent_statements_covered_display": "100"}, "missing_lines": [], "excluded_lines": [], "start_line": 592}, "compare_periods.calculate_delta": {"executed_lines": [643, 645, 648, 649, 650, 652, 653, 655, 657], "summary": {"covered_lines": 9, "num_statements": 11, "percent_covered": 81.81818181818181, "percent_covered_display": "82", "missing_lines": 2, "excluded_lines": 0, "percent_statements_covered": 81.81818181818181, "percent_statements_covered_display": "82"}, "missing_lines": [644, 651], "excluded_lines": [], "start_line": 641}, "compare_periods.calculate_tir_delta": {"executed_lines": [665, 667, 668], "summary": {"covered_lines": 3, "num_statements": 4, "percent_covered": 75.0, "percent_covered_display": "75", "missing_lines": 1, "excluded_lines": 0, "percent_statements_covered": 75.0, "percent_statements_covered_display": "75"}, "missing_lines": [666], "excluded_lines": [], "start_line": 663}, "_identify_improvements": {"executed_lines": [727, 729, 732, 733, 735, 738, 741], "summary": {"covered_lines": 7, "num_statements": 10, "percent_covered": 70.0, "percent_covered_display": "70", "missing_lines": 3, "excluded_lines": 0, "percent_statements_covered": 70.0, "percent_statements_covered_display": "70"}, "missing_lines": [730, 736, 739], "excluded_lines": [], "start_line": 725}, "_identify_regressions": {"executed_lines": [746, 748, 751, 754, 755, 757, 760], "summary": {"covered_lines": 7, "num_statements": 10, "percent_covered": 70.0, "percent_covered_display": "70", "missing_lines": 3, "excluded_lines": 0, "percent_statements_covered": 70.0, "percent_statements_covered_display": "70"}, "missing_lines": [749, 752, 758], "excluded_lines": [], "start_line": 744}, "get_current_glucose": {"executed_lines": [765, 766, 767, 768, 769, 770, 772, 773, 774, 775, 777, 778, 788, 795], "summary": {"covered_lines": 14, "num_statements": 21, "percent_covered": 66.66666666666667, "percent_covered_display": "67", "missing_lines": 7, "excluded_lines": 0, "percent_statements_covered": 66.66666666666667, "percent_statements_covered_display": "67"}, "missing_lines": [779, 780, 781, 782, 783, 784, 786], "excluded_lines": [], "start_line": 763}, "make_sparkline": {"executed_lines": [803, 804, 806, 808, 809, 811, 813, 814, 815, 816, 818], "summary": {"covered_lines": 11, "num_statements": 11, "percent_covered": 100.0, "percent_covered_display": "100", "missing_lines": 0, "excluded_lines": 0, "percent_statements_covered": 100.0, "percent_statements_covered_display": "100"}, "missing_lines": [], "excluded_lines": [], "start_line": 798}, "show_sparkline": {"executed_lines": [827, 830, 832, 834, 835, 840, 845, 847, 848, 850, 852, 853, 856, 857, 859, 862, 863, 865, 869, 871, 873, 874, 875, 877, 878, 881, 882, 883, 884, 885, 888, 889, 890, 896, 897, 898, 899, 900, 901, 903, 904, 905, 907, 909, 911, 912, 913, 914, 919, 920, 921, 922, 923, 925, 926, 927, 928, 931, 932, 933, 934, 937, 938, 941, 943, 944], "summary": {"covered_lines": 66, "num_statements": 77, "percent_covered": 85.71428571428571, "percent_covered_display": "86", "missing_lines": 11, "excluded_lines": 0, "percent_statements_covered": 85.71428571428571, "percent_statements_covered_display": "86"}, "missing_lines": [828, 836, 837, 838, 891, 892, 893, 908, 910, 916, 939], "excluded_lines": [], "start_line": 821}, "show_sparkline_week": {"executed_lines": [952, 955, 956, 957, 959, 963, 965, 966, 967, 969, 972, 973, 974, 975, 976, 977, 981, 989, 991, 993, 994, 995, 998, 1000, 1001, 1002, 1006, 1007, 1008, 1009, 1010, 1013, 1014, 1015, 1018, 1021, 1033, 1036, 1037, 1038, 1039, 1040, 1042, 1045, 1046, 1047, 1048, 1051, 1052, 1053, 1056, 1057, 1063, 1065, 1066, 1067], "summary": {"covered_lines": 56, "num_statements": 79, "percent_covered": 70.88607594936708, "percent_covered_display": "71", "missing_lines": 23, "excluded_lines": 0, "percent_statements_covered": 70.88607594936708, "percent_statements_covered_display": "71"}, "missing_lines": [953, 978, 979, 982, 983, 984, 985, 986, 987, 1003, 1016, 1022, 1023, 1024, 1025, 1026, 1027, 1028, 1029, 1031, 1058, 1059, 1061], "excluded_lines": [], "start_line": 947}, "show_heatmap": {"executed_lines": [1072, 1075, 1076, 1077, 1079, 1083, 1085, 1086, 1087, 1088, 1089, 1093, 1094, 1096, 1098, 1099, 1100, 1101, 1102, 1103, 1105, 1117, 1118, 1119, 1120, 1121, 1122, 1124, 1125, 1126, 1127, 1128, 1130, 1131, 1132, 1135, 1136, 1137, 1138, 1139, 1140, 1141, 1142, 1143, 1144, 1145, 1147, 1148, 1149, 1150, 1151, 1152, 1153, 1155, 1156, 1157, 1158, 1159, 1161, 1162, 1165, 1166, 1167, 1168, 1169, 1170, 1171, 1172, 1174, 1175, 1176, 1177, 1178], "summary": {"covered_lines": 73, "num_statements": 76, "percent_covered": 96.05263157894737, "percent_covered_display": "96", "missing_lines": 3, "excluded_lines": 0, "percent_statements_covered": 96.05263157894737, "percent_statements_covered_display": "96"}, "missing_lines": [1073, 1090, 1091], "excluded_lines": [], "start_line": 1070}, "show_heatmap.tir_block": {"executed_lines": [1106, 1108, 1109, 1110, 1111, 1112, 1113, 1114, 1115], "summary": {"covered_lines": 9, "num_statements": 10, "percent_covered": 90.0, "percent_covered_display": "90", "missing_lines": 1, "excluded_lines": 0, "percent_statements_covered": 90.0, "percent_statements_covered_display": "90"}, "missing_lines": [1107], "excluded_lines": [], "start_line": 1105}, "show_day_chart": {"executed_lines": [1183, 1186, 1187, 1188, 1189, 1190, 1192, 1193, 1194, 1196, 1200, 1202, 1203, 1204, 1205, 1206, 1207, 1211, 1213, 1251, 1252, 1253, 1254, 1256, 1257, 1258, 1260, 1262, 1263, 1265, 1267, 1268, 1270, 1272, 1273, 1275, 1276, 1277], "summary": {"covered_lines": 38, "num_statements": 70, "percent_covered": 54.285714285714285, "percent_covered_display": "54", "missing_lines": 32, "excluded_lines": 0, "percent_statements_covered": 54.285714285714285, "percent_statements_covered_display": "54"}, "missing_lines": [1184, 1208, 1209, 1215, 1216, 1217, 1218, 1219, 1221, 1222, 1223, 1224, 1226, 1227, 1228, 1229, 1230, 1232, 1233, 1234, 1235, 1237, 1239, 1240, 1242, 1243, 1244, 1246, 1247, 1248, 1259, 1266], "excluded_lines": [], "start_line": 1181}, "query_patterns": {"executed_lines": [1290, 1293, 1294, 1295, 1297, 1301, 1303, 1307, 1308, 1309, 1310, 1311, 1314, 1315, 1316, 1317, 1320, 1321, 1324, 1325, 1326, 1327, 1332, 1336, 1339, 1340, 1341, 1344, 1345, 1346, 1347, 1348, 1351, 1352, 1353, 1354, 1357, 1358, 1359, 1360, 1362], "summary": {"covered_lines": 41, "num_statements": 48, "percent_covered": 85.41666666666667, "percent_covered_display": "85", "missing_lines": 7, "excluded_lines": 0, "percent_statements_covered": 85.41666666666667, "percent_statements_covered_display": "85"}, "missing_lines": [1291, 1304, 1329, 1330, 1333, 1334, 1337], "excluded_lines": [], "start_line": 1280}, "find_patterns": {"executed_lines": [1379, 1382, 1383, 1384, 1386, 1390, 1392, 1395, 1398, 1399, 1400, 1402, 1403, 1404, 1406, 1407, 1408, 1409, 1410, 1411, 1413, 1415, 1416, 1421, 1422, 1425, 1426, 1429, 1430, 1433, 1434, 1437, 1438, 1439, 1440, 1441, 1443, 1444, 1447, 1448, 1449, 1453], "summary": {"covered_lines": 42, "num_statements": 49, "percent_covered": 85.71428571428571, "percent_covered_display": "86", "missing_lines": 7, "excluded_lines": 0, "percent_statements_covered": 85.71428571428571, "percent_statements_covered_display": "86"}, "missing_lines": [1380, 1393, 1414, 1417, 1418, 1450, 1451], "excluded_lines": [], "start_line": 1374}, "detect_trend_alerts": {"executed_lines": [1511, 1512, 1514, 1515, 1516, 1518, 1522, 1524, 1527, 1528, 1531, 1532, 1533, 1534, 1535, 1536, 1539, 1540, 1541, 1543, 1544, 1545, 1546, 1549, 1550, 1551, 1554, 1555, 1556, 1557, 1558, 1561, 1562, 1563, 1564, 1565, 1569, 1572, 1573, 1575, 1576, 1577, 1578, 1593, 1594, 1595, 1596, 1613, 1614, 1615, 1616, 1617, 1618, 1633, 1634, 1635, 1636, 1653, 1654, 1655, 1656, 1676, 1677, 1678, 1679, 1702, 1742, 1743, 1745], "summary": {"covered_lines": 69, "num_statements": 94, "percent_covered": 73.40425531914893, "percent_covered_display": "73", "missing_lines": 25, "excluded_lines": 0, "percent_statements_covered": 73.40425531914893, "percent_statements_covered_display": "73"}, "missing_lines": [1525, 1566, 1567, 1597, 1598, 1637, 1638, 1657, 1658, 1659, 1680, 1681, 1684, 1685, 1703, 1704, 1705, 1707, 1708, 1710, 1713, 1715, 1716, 1717, 1729], "excluded_lines": [], "start_line": 1499}, "parse_date_arg": {"executed_lines": [1760, 1761, 1763, 1764, 1765, 1766, 1769, 1770, 1771, 1772, 1775, 1776, 1777, 1779, 1780, 1781, 1783], "summary": {"covered_lines": 17, "num_statements": 17, "percent_covered": 100.0, "percent_covered_display": "100", "missing_lines": 0, "excluded_lines": 0, "percent_statements_covered": 100.0, "percent_statements_covered_display": "100"}, "missing_lines": [], "excluded_lines": [], "start_line": 1758}, "view_day": {"executed_lines": [1791, 1794, 1795, 1796, 1797, 1799, 1802, 1807, 1810, 1811, 1813, 1815, 1817, 1818, 1820, 1821, 1823, 1824, 1825, 1827, 1828, 1829, 1830, 1834, 1835, 1836, 1837, 1838, 1839, 1840, 1841, 1842, 1844, 1850, 1853, 1854, 1855, 1856, 1857, 1860, 1861, 1863, 1864, 1865, 1867], "summary": {"covered_lines": 45, "num_statements": 48, "percent_covered": 93.75, "percent_covered_display": "94", "missing_lines": 3, "excluded_lines": 0, "percent_statements_covered": 93.75, "percent_statements_covered_display": "94"}, "missing_lines": [1792, 1831, 1832], "excluded_lines": [], "start_line": 1786}, "find_worst_days": {"executed_lines": [1889, 1892, 1893, 1894, 1896, 1899, 1911, 1913, 1914, 1916, 1918, 1920, 1921, 1923, 1927, 1928, 1929, 1930, 1932, 1943, 1944, 1945, 1947], "summary": {"covered_lines": 23, "num_statements": 25, "percent_covered": 92.0, "percent_covered_display": "92", "missing_lines": 2, "excluded_lines": 0, "percent_statements_covered": 92.0, "percent_statements_covered_display": "92"}, "missing_lines": [1890, 1924], "excluded_lines": [], "start_line": 1884}, "generate_html_report": {"executed_lines": [1968, 1971, 1974, 1977, 1979, 1980, 1983, 1984, 1985, 1987, 1991, 1992, 1993, 1999, 2000, 2001, 2008, 2009, 2010, 2011, 2012, 2015, 2016, 2017, 2018, 2019, 2020, 2022, 2031, 2032, 2033, 2034, 2035, 2039, 2040, 2041, 2042, 2043, 2044, 2045, 2064, 2065, 2066, 2067, 2068, 2069, 2073, 2074, 2075, 2076, 2077, 2078, 2088, 2089, 2090, 2091, 2092, 2093, 2097, 2098, 2099, 2100, 2101, 2102, 2117, 2118, 2119, 2120, 2121, 2125, 2126, 2127, 2128, 2129, 2130, 2131, 2132, 2135, 2136, 2139, 2140, 2141, 2143, 2144, 2145, 2146, 2147, 2149, 2150, 2151, 2157, 2158, 2159, 2160, 2161, 2162, 2166, 2167, 2168, 2169, 2170, 2171, 2179, 2180, 2185, 2186, 2192, 4566, 4567, 4568, 4570, 4571, 4574, 4612, 4613, 4615, 4618, 4619, 4622, 4623, 4625], "summary": {"covered_lines": 121, "num_statements": 136, "percent_covered": 88.97058823529412, "percent_covered_display": "89", "missing_lines": 15, "excluded_lines": 0, "percent_statements_covered": 88.97058823529412, "percent_statements_covered_display": "89"}, "missing_lines": [1969, 1988, 2036, 2037, 2057, 2070, 2071, 2094, 2095, 2109, 2122, 2123, 2134, 2163, 2164], "excluded_lines": [], "start_line": 1955}, "generate_agp_report": {"executed_lines": [4647, 4650, 4653, 4654, 4656, 4660, 4662, 4663, 4665, 4666, 4667, 4673, 4676, 4677, 4678, 4679, 4682, 4683, 4684, 4685, 4686, 4687, 4689, 4698, 4699, 4700, 4701, 4702, 4707, 4715, 4716, 4717, 4718, 4719, 4720, 4734, 4735, 4736, 4737, 4738, 4739, 4745, 4747, 4748, 4749, 4750, 4751, 4752, 4753, 4760, 4766, 4767, 4770, 4771, 4772, 4773, 4774, 4775, 4778, 4784, 5267, 5268, 5270, 5273, 5274, 5276], "summary": {"covered_lines": 66, "num_statements": 75, "percent_covered": 88.0, "percent_covered_display": "88", "missing_lines": 9, "excluded_lines": 0, "percent_statements_covered": 88.0, "percent_statements_covered_display": "88"}, "missing_lines": [4648, 4703, 4704, 4729, 4740, 4741, 4759, 4776, 4777], "excluded_lines": [], "start_line": 4634}, "generate_agp_report.safe_percentile": {"executed_lines": [4709, 4710, 4712, 4713], "summary": {"covered_lines": 4, "num_statements": 5, "percent_covered": 80.0, "percent_covered_display": "80", "missing_lines": 1, "excluded_lines": 0, "percent_statements_covered": 80.0, "percent_statements_covered_display": "80"}, "missing_lines": [4711], "excluded_lines": [], "start_line": 4707}, "get_pump_status": {"executed_lines": [5293, 5294, 5295, 5302, 5304, 5305, 5306, 5308, 5309, 5311, 5312, 5317, 5318, 5319, 5327, 5328, 5329, 5335, 5336, 5337, 5344, 5345, 5346, 5353, 5354, 5355, 5356, 5357, 5367, 5368, 5374, 5375, 5376, 5384, 5385, 5393, 5394, 5395, 5400, 5402, 5403], "summary": {"covered_lines": 41, "num_statements": 42, "percent_covered": 97.61904761904762, "percent_covered_display": "98", "missing_lines": 1, "excluded_lines": 0, "percent_statements_covered": 97.61904761904762, "percent_statements_covered_display": "98"}, "missing_lines": [5386], "excluded_lines": [], "start_line": 5290}, "get_treatments": {"executed_lines": [5414, 5415, 5416, 5423, 5425, 5426, 5428, 5433, 5434, 5436, 5437, 5440, 5441, 5442, 5443, 5445, 5446, 5448, 5449, 5452, 5455, 5460, 5461, 5462, 5463, 5464, 5465, 5466, 5467, 5469, 5470, 5471, 5472, 5473, 5475, 5476, 5477, 5478, 5479, 5482, 5483, 5485], "summary": {"covered_lines": 42, "num_statements": 45, "percent_covered": 93.33333333333333, "percent_covered_display": "93", "missing_lines": 3, "excluded_lines": 0, "percent_statements_covered": 93.33333333333333, "percent_statements_covered_display": "93"}, "missing_lines": [5453, 5502, 5503], "excluded_lines": [], "start_line": 5406}, "get_profile": {"executed_lines": [5509, 5510, 5511, 5518, 5519, 5520, 5521, 5523, 5527, 5528, 5531, 5533, 5539, 5540, 5541, 5550, 5551, 5552, 5553, 5554, 5556, 5557, 5558, 5559, 5562, 5563, 5564, 5574, 5575, 5576, 5586, 5587, 5588, 5589, 5590, 5591, 5592, 5600, 5601, 5602, 5609, 5610, 5611, 5618, 5619, 5620, 5634], "summary": {"covered_lines": 47, "num_statements": 50, "percent_covered": 94.0, "percent_covered_display": "94", "missing_lines": 3, "excluded_lines": 0, "percent_statements_covered": 94.0, "percent_statements_covered_display": "94"}, "missing_lines": [5524, 5636, 5637], "excluded_lines": [], "start_line": 5506}, "main": {"executed_lines": [5641, 5644, 5647, 5650, 5651, 5657, 5660, 5666, 5669, 5673, 5677, 5681, 5687, 5690, 5696, 5699, 5703, 5709, 5712, 5716, 5720, 5726, 5729, 5733, 5737, 5741, 5747, 5750, 5754, 5758, 5762, 5766, 5770, 5774, 5778, 5782, 5786, 5792, 5795, 5799, 5803, 5809, 5812, 5816, 5822, 5825, 5829, 5833, 5839, 5844, 5847, 5853, 5857, 5859, 5860, 5861, 5862, 5863, 5864, 5865, 5866, 5867, 5869, 5875, 5876, 5877, 5879, 5880, 5885, 5886, 5892, 5893, 5894, 5895, 5896, 5897, 5904, 5905, 5906, 5907, 5909, 5910, 5911, 5925, 5926, 5927, 5942, 5943, 5944, 5945, 5946, 5947, 5949, 5950, 5952], "summary": {"covered_lines": 95, "num_statements": 114, "percent_covered": 83.33333333333333, "percent_covered_display": "83", "missing_lines": 19, "excluded_lines": 0, "percent_statements_covered": 83.33333333333333, "percent_statements_covered_display": "83"}, "missing_lines": [5868, 5878, 5912, 5916, 5917, 5918, 5919, 5922, 5923, 5924, 5928, 5932, 5933, 5934, 5935, 5936, 5939, 5940, 5941], "excluded_lines": [], "start_line": 5640}, "": {"executed_lines": [11, 12, 13, 14, 15, 16, 17, 18, 19, 21, 22, 28, 29, 38, 52, 55, 58, 60, 79, 84, 90, 94, 104, 105, 106, 109, 112, 123, 132, 234, 241, 242, 243, 244, 247, 263, 286, 326, 382, 401, 416, 475, 570, 725, 744, 763, 798, 821, 947, 1070, 1181, 1280, 1374, 1499, 1758, 1786, 1884, 1955, 4634, 5290, 5406, 5506, 5640, 5955], "summary": {"covered_lines": 64, "num_statements": 74, "percent_covered": 86.48648648648648, "percent_covered_display": "86", "missing_lines": 10, "excluded_lines": 0, "percent_statements_covered": 86.48648648648648, "percent_statements_covered_display": "86"}, "missing_lines": [23, 24, 25, 30, 31, 32, 33, 34, 35, 5956], "excluded_lines": [], "start_line": 1}}, "classes": {"": {"executed_lines": [11, 12, 13, 14, 15, 16, 17, 18, 19, 21, 22, 28, 29, 38, 40, 41, 42, 43, 44, 45, 46, 47, 48, 50, 52, 55, 58, 60, 63, 64, 66, 67, 68, 69, 70, 73, 74, 75, 77, 79, 81, 82, 84, 86, 87, 88, 90, 92, 94, 96, 97, 104, 105, 106, 109, 112, 114, 115, 116, 117, 118, 119, 120, 123, 125, 126, 127, 128, 129, 132, 147, 148, 151, 152, 153, 154, 155, 156, 157, 158, 159, 160, 165, 175, 176, 177, 178, 179, 184, 185, 186, 187, 188, 189, 191, 192, 193, 194, 200, 201, 202, 203, 211, 212, 213, 214, 215, 217, 218, 219, 220, 221, 222, 227, 228, 229, 231, 234, 236, 237, 241, 242, 243, 244, 247, 249, 250, 259, 260, 263, 268, 270, 271, 272, 273, 274, 277, 278, 279, 280, 281, 282, 283, 286, 298, 301, 302, 303, 305, 306, 308, 309, 310, 312, 323, 326, 328, 329, 330, 332, 333, 335, 336, 337, 338, 340, 341, 342, 343, 344, 345, 347, 348, 350, 351, 352, 355, 356, 362, 363, 365, 366, 367, 368, 371, 372, 374, 382, 384, 385, 386, 387, 388, 389, 390, 401, 403, 404, 405, 406, 407, 416, 418, 419, 421, 422, 423, 425, 429, 431, 434, 435, 436, 440, 441, 444, 445, 448, 449, 450, 451, 452, 453, 454, 456, 458, 475, 480, 481, 482, 485, 487, 488, 489, 490, 491, 492, 494, 496, 497, 498, 499, 500, 501, 504, 506, 507, 508, 509, 511, 512, 513, 514, 515, 516, 517, 520, 521, 522, 523, 525, 526, 527, 528, 532, 534, 535, 538, 540, 541, 542, 544, 545, 546, 548, 550, 551, 553, 554, 557, 567, 570, 579, 580, 581, 582, 583, 586, 589, 592, 593, 594, 596, 601, 602, 604, 605, 606, 609, 610, 613, 614, 616, 630, 631, 633, 635, 636, 637, 641, 643, 645, 648, 649, 650, 652, 653, 655, 657, 663, 665, 667, 668, 674, 709, 725, 727, 729, 732, 733, 735, 738, 741, 744, 746, 748, 751, 754, 755, 757, 760, 763, 765, 766, 767, 768, 769, 770, 772, 773, 774, 775, 777, 778, 788, 795, 798, 803, 804, 806, 808, 809, 811, 813, 814, 815, 816, 818, 821, 827, 830, 832, 834, 835, 840, 845, 847, 848, 850, 852, 853, 856, 857, 859, 862, 863, 865, 869, 871, 873, 874, 875, 877, 878, 881, 882, 883, 884, 885, 888, 889, 890, 896, 897, 898, 899, 900, 901, 903, 904, 905, 907, 909, 911, 912, 913, 914, 919, 920, 921, 922, 923, 925, 926, 927, 928, 931, 932, 933, 934, 937, 938, 941, 943, 944, 947, 952, 955, 956, 957, 959, 963, 965, 966, 967, 969, 972, 973, 974, 975, 976, 977, 981, 989, 991, 993, 994, 995, 998, 1000, 1001, 1002, 1006, 1007, 1008, 1009, 1010, 1013, 1014, 1015, 1018, 1021, 1033, 1036, 1037, 1038, 1039, 1040, 1042, 1045, 1046, 1047, 1048, 1051, 1052, 1053, 1056, 1057, 1063, 1065, 1066, 1067, 1070, 1072, 1075, 1076, 1077, 1079, 1083, 1085, 1086, 1087, 1088, 1089, 1093, 1094, 1096, 1098, 1099, 1100, 1101, 1102, 1103, 1105, 1106, 1108, 1109, 1110, 1111, 1112, 1113, 1114, 1115, 1117, 1118, 1119, 1120, 1121, 1122, 1124, 1125, 1126, 1127, 1128, 1130, 1131, 1132, 1135, 1136, 1137, 1138, 1139, 1140, 1141, 1142, 1143, 1144, 1145, 1147, 1148, 1149, 1150, 1151, 1152, 1153, 1155, 1156, 1157, 1158, 1159, 1161, 1162, 1165, 1166, 1167, 1168, 1169, 1170, 1171, 1172, 1174, 1175, 1176, 1177, 1178, 1181, 1183, 1186, 1187, 1188, 1189, 1190, 1192, 1193, 1194, 1196, 1200, 1202, 1203, 1204, 1205, 1206, 1207, 1211, 1213, 1251, 1252, 1253, 1254, 1256, 1257, 1258, 1260, 1262, 1263, 1265, 1267, 1268, 1270, 1272, 1273, 1275, 1276, 1277, 1280, 1290, 1293, 1294, 1295, 1297, 1301, 1303, 1307, 1308, 1309, 1310, 1311, 1314, 1315, 1316, 1317, 1320, 1321, 1324, 1325, 1326, 1327, 1332, 1336, 1339, 1340, 1341, 1344, 1345, 1346, 1347, 1348, 1351, 1352, 1353, 1354, 1357, 1358, 1359, 1360, 1362, 1374, 1379, 1382, 1383, 1384, 1386, 1390, 1392, 1395, 1398, 1399, 1400, 1402, 1403, 1404, 1406, 1407, 1408, 1409, 1410, 1411, 1413, 1415, 1416, 1421, 1422, 1425, 1426, 1429, 1430, 1433, 1434, 1437, 1438, 1439, 1440, 1441, 1443, 1444, 1447, 1448, 1449, 1453, 1499, 1511, 1512, 1514, 1515, 1516, 1518, 1522, 1524, 1527, 1528, 1531, 1532, 1533, 1534, 1535, 1536, 1539, 1540, 1541, 1543, 1544, 1545, 1546, 1549, 1550, 1551, 1554, 1555, 1556, 1557, 1558, 1561, 1562, 1563, 1564, 1565, 1569, 1572, 1573, 1575, 1576, 1577, 1578, 1593, 1594, 1595, 1596, 1613, 1614, 1615, 1616, 1617, 1618, 1633, 1634, 1635, 1636, 1653, 1654, 1655, 1656, 1676, 1677, 1678, 1679, 1702, 1742, 1743, 1745, 1758, 1760, 1761, 1763, 1764, 1765, 1766, 1769, 1770, 1771, 1772, 1775, 1776, 1777, 1779, 1780, 1781, 1783, 1786, 1791, 1794, 1795, 1796, 1797, 1799, 1802, 1807, 1810, 1811, 1813, 1815, 1817, 1818, 1820, 1821, 1823, 1824, 1825, 1827, 1828, 1829, 1830, 1834, 1835, 1836, 1837, 1838, 1839, 1840, 1841, 1842, 1844, 1850, 1853, 1854, 1855, 1856, 1857, 1860, 1861, 1863, 1864, 1865, 1867, 1884, 1889, 1892, 1893, 1894, 1896, 1899, 1911, 1913, 1914, 1916, 1918, 1920, 1921, 1923, 1927, 1928, 1929, 1930, 1932, 1943, 1944, 1945, 1947, 1955, 1968, 1971, 1974, 1977, 1979, 1980, 1983, 1984, 1985, 1987, 1991, 1992, 1993, 1999, 2000, 2001, 2008, 2009, 2010, 2011, 2012, 2015, 2016, 2017, 2018, 2019, 2020, 2022, 2031, 2032, 2033, 2034, 2035, 2039, 2040, 2041, 2042, 2043, 2044, 2045, 2064, 2065, 2066, 2067, 2068, 2069, 2073, 2074, 2075, 2076, 2077, 2078, 2088, 2089, 2090, 2091, 2092, 2093, 2097, 2098, 2099, 2100, 2101, 2102, 2117, 2118, 2119, 2120, 2121, 2125, 2126, 2127, 2128, 2129, 2130, 2131, 2132, 2135, 2136, 2139, 2140, 2141, 2143, 2144, 2145, 2146, 2147, 2149, 2150, 2151, 2157, 2158, 2159, 2160, 2161, 2162, 2166, 2167, 2168, 2169, 2170, 2171, 2179, 2180, 2185, 2186, 2192, 4566, 4567, 4568, 4570, 4571, 4574, 4612, 4613, 4615, 4618, 4619, 4622, 4623, 4625, 4634, 4647, 4650, 4653, 4654, 4656, 4660, 4662, 4663, 4665, 4666, 4667, 4673, 4676, 4677, 4678, 4679, 4682, 4683, 4684, 4685, 4686, 4687, 4689, 4698, 4699, 4700, 4701, 4702, 4707, 4709, 4710, 4712, 4713, 4715, 4716, 4717, 4718, 4719, 4720, 4734, 4735, 4736, 4737, 4738, 4739, 4745, 4747, 4748, 4749, 4750, 4751, 4752, 4753, 4760, 4766, 4767, 4770, 4771, 4772, 4773, 4774, 4775, 4778, 4784, 5267, 5268, 5270, 5273, 5274, 5276, 5290, 5293, 5294, 5295, 5302, 5304, 5305, 5306, 5308, 5309, 5311, 5312, 5317, 5318, 5319, 5327, 5328, 5329, 5335, 5336, 5337, 5344, 5345, 5346, 5353, 5354, 5355, 5356, 5357, 5367, 5368, 5374, 5375, 5376, 5384, 5385, 5393, 5394, 5395, 5400, 5402, 5403, 5406, 5414, 5415, 5416, 5423, 5425, 5426, 5428, 5433, 5434, 5436, 5437, 5440, 5441, 5442, 5443, 5445, 5446, 5448, 5449, 5452, 5455, 5460, 5461, 5462, 5463, 5464, 5465, 5466, 5467, 5469, 5470, 5471, 5472, 5473, 5475, 5476, 5477, 5478, 5479, 5482, 5483, 5485, 5506, 5509, 5510, 5511, 5518, 5519, 5520, 5521, 5523, 5527, 5528, 5531, 5533, 5539, 5540, 5541, 5550, 5551, 5552, 5553, 5554, 5556, 5557, 5558, 5559, 5562, 5563, 5564, 5574, 5575, 5576, 5586, 5587, 5588, 5589, 5590, 5591, 5592, 5600, 5601, 5602, 5609, 5610, 5611, 5618, 5619, 5620, 5634, 5640, 5641, 5644, 5647, 5650, 5651, 5657, 5660, 5666, 5669, 5673, 5677, 5681, 5687, 5690, 5696, 5699, 5703, 5709, 5712, 5716, 5720, 5726, 5729, 5733, 5737, 5741, 5747, 5750, 5754, 5758, 5762, 5766, 5770, 5774, 5778, 5782, 5786, 5792, 5795, 5799, 5803, 5809, 5812, 5816, 5822, 5825, 5829, 5833, 5839, 5844, 5847, 5853, 5857, 5859, 5860, 5861, 5862, 5863, 5864, 5865, 5866, 5867, 5869, 5875, 5876, 5877, 5879, 5880, 5885, 5886, 5892, 5893, 5894, 5895, 5896, 5897, 5904, 5905, 5906, 5907, 5909, 5910, 5911, 5925, 5926, 5927, 5942, 5943, 5944, 5945, 5946, 5947, 5949, 5950, 5952, 5955], "summary": {"covered_lines": 1280, "num_statements": 1500, "percent_covered": 85.33333333333333, "percent_covered_display": "85", "missing_lines": 220, "excluded_lines": 0, "percent_statements_covered": 85.33333333333333, "percent_statements_covered_display": "85"}, "missing_lines": [23, 24, 25, 30, 31, 32, 33, 34, 35, 71, 161, 162, 180, 181, 207, 208, 223, 224, 299, 313, 314, 315, 316, 317, 318, 319, 321, 432, 530, 531, 558, 559, 560, 563, 564, 565, 587, 638, 644, 651, 666, 730, 736, 739, 749, 752, 758, 779, 780, 781, 782, 783, 784, 786, 828, 836, 837, 838, 891, 892, 893, 908, 910, 916, 939, 953, 978, 979, 982, 983, 984, 985, 986, 987, 1003, 1016, 1022, 1023, 1024, 1025, 1026, 1027, 1028, 1029, 1031, 1058, 1059, 1061, 1073, 1090, 1091, 1107, 1184, 1208, 1209, 1215, 1216, 1217, 1218, 1219, 1221, 1222, 1223, 1224, 1226, 1227, 1228, 1229, 1230, 1232, 1233, 1234, 1235, 1237, 1239, 1240, 1242, 1243, 1244, 1246, 1247, 1248, 1259, 1266, 1291, 1304, 1329, 1330, 1333, 1334, 1337, 1380, 1393, 1414, 1417, 1418, 1450, 1451, 1525, 1566, 1567, 1597, 1598, 1637, 1638, 1657, 1658, 1659, 1680, 1681, 1684, 1685, 1703, 1704, 1705, 1707, 1708, 1710, 1713, 1715, 1716, 1717, 1729, 1792, 1831, 1832, 1890, 1924, 1969, 1988, 2036, 2037, 2057, 2070, 2071, 2094, 2095, 2109, 2122, 2123, 2134, 2163, 2164, 4648, 4703, 4704, 4711, 4729, 4740, 4741, 4759, 4776, 4777, 5386, 5453, 5502, 5503, 5524, 5636, 5637, 5868, 5878, 5912, 5916, 5917, 5918, 5919, 5922, 5923, 5924, 5928, 5932, 5933, 5934, 5935, 5936, 5939, 5940, 5941, 5956], "excluded_lines": [], "start_line": 1}}}}, "totals": {"covered_lines": 1280, "num_statements": 1500, "percent_covered": 85.33333333333333, "percent_covered_display": "85", "missing_lines": 220, "excluded_lines": 0, "percent_statements_covered": 85.33333333333333, "percent_statements_covered_display": "85"}}